[20:43:56] [Core] Logging started for: 27/03/24
[20:43:57] [Core] Loaded hook module.
[20:43:57] [Core] Loaded cvar module.
[20:43:57] [Core] Loaded time module.
[20:43:57] [Core] Loaded file module.
[20:43:57] [Core] Loaded routines module.
[20:43:57] [Core] Finished loading engine modules.
[20:43:57] [Core] Applied seed to random generator: 1711593837
[20:43:57] [Core] Setting up CVars...
[20:43:57] [CVARS] Restoring CVars from save file...
[20:43:57] A error has occured while reading game/data/cvars.ini:
game/data/cvars.ini: No such file or directory

[20:43:57] Attempt to read invalid INI file.
[20:43:57] [CVARS] Failed to restore cvars from data file: Empty section
[20:43:57] A error has occured while reading game/data/cvars.ini:
game/data/cvars.ini: No such file or directory

[20:43:57] [CVARS] Saved CVars.
[20:44:04] [Core] Preparing for shutdown...
[20:44:04] [CVARS] Saving CVars...
[20:44:04] A error has occured while reading game/data/cvars.ini:
game/data/cvars.ini: No such file or directory

[20:44:04] [CVARS] Saved CVars.
[20:44:04] [Core] Shutting down...
